--- Copying files at Wed Jan 30 14:39:56 UTC 2019
INSTALLED init.groovy.d/tcp-slave-agent-port.groovy
INSTALLED plugins/blueocean-git-pipeline.jpi : 1.10.1
INSTALLED plugins/durable-task.jpi : 1.28
INSTALLED plugins/junit.jpi : 1.26.1
INSTALLED plugins/github-api.jpi : 1.95
INSTALLED plugins/pipeline-stage-tags-metadata.jpi : 1.3.4.1
INSTALLED plugins/blueocean-pipeline-api-impl.jpi : 1.10.1
INSTALLED plugins/blueocean-events.jpi : 1.10.1
INSTALLED plugins/ssh-credentials.jpi : 1.14
INSTALLED plugins/blueocean-commons.jpi : 1.10.1
INSTALLED plugins/pipeline-stage-step.jpi : 2.3
INSTALLED plugins/pipeline-model-extensions.jpi : 1.3.4.1
INSTALLED plugins/pipeline-build-step.jpi : 2.7
INSTALLED plugins/workflow-api.jpi : 2.33
INSTALLED plugins/workflow-durable-task-step.jpi : 2.28
INSTALLED plugins/blueocean-pipeline-scm-api.jpi : 1.10.1
INSTALLED plugins/token-macro.jpi : 2.5
INSTALLED plugins/credentials-binding.jpi : 1.17
INSTALLED plugins/scm-api.jpi : 2.3.0
INSTALLED plugins/pipeline-model-definition.jpi : 1.3.4.1
INSTALLED plugins/cloudbees-folder.jpi : 6.7
INSTALLED plugins/git.jpi : 3.9.1
INSTALLED plugins/script-security.jpi : 1.50
INSTALLED plugins/display-url-api.jpi : 2.3.0
INSTALLED plugins/blueocean-github-pipeline.jpi : 1.10.1
INSTALLED plugins/workflow-step-api.jpi : 2.18
INSTALLED plugins/mercurial.jpi : 2.5
INSTALLED plugins/htmlpublisher.jpi : 1.18
INSTALLED plugins/sse-gateway.jpi : 1.17
INSTALLED plugins/blueocean-rest-impl.jpi : 1.10.1
INSTALLED plugins/apache-httpcomponents-client-4-api.jpi : 4.5.5-3.0
INSTALLED plugins/cloudbees-bitbucket-branch-source.jpi : 2.4.0
INSTALLED plugins/github-branch-source.jpi : 2.4.2
INSTALLED plugins/workflow-multibranch.jpi : 2.20
INSTALLED plugins/structs.jpi : 1.17
INSTALLED plugins/workflow-support.jpi : 3.1
INSTALLED plugins/blueocean-bitbucket-pipeline.jpi : 1.10.1
INSTALLED plugins/variant.jpi : 1.1
INSTALLED plugins/jenkins-design-language.jpi : 1.10.1
INSTALLED plugins/pipeline-milestone-step.jpi : 1.3.1
INSTALLED plugins/favorite.jpi : 2.3.2
INSTALLED plugins/blueocean.jpi : 1.10.1
INSTALLED plugins/pubsub-light.jpi : 1.12
INSTALLED plugins/github.jpi : 1.29.3
INSTALLED plugins/handy-uri-templates-2-api.jpi : 2.1.6-1.0
INSTALLED plugins/mailer.jpi : 1.23
INSTALLED plugins/blueocean-jira.jpi : 1.10.1
INSTALLED plugins/workflow-cps-global-lib.jpi : 2.12
INSTALLED plugins/docker-commons.jpi : 1.13
INSTALLED plugins/ace-editor.jpi : 1.1
INSTALLED plugins/blueocean-display-url.jpi : 2.2.0
INSTALLED plugins/blueocean-rest.jpi : 1.10.1
INSTALLED plugins/antisamy-markup-formatter.jpi : 1.5
INSTALLED plugins/matrix-project.jpi : 1.13
INSTALLED plugins/blueocean-jwt.jpi : 1.10.1
INSTALLED plugins/matrix-auth.jpi : 2.3
INSTALLED plugins/docker-workflow.jpi : 1.17
INSTALLED plugins/blueocean-web.jpi : 1.10.1
INSTALLED plugins/blueocean-i18n.jpi : 1.10.1
INSTALLED plugins/blueocean-config.jpi : 1.10.1
INSTALLED plugins/workflow-basic-steps.jpi : 2.14
INSTALLED plugins/workflow-cps.jpi : 2.62
INSTALLED plugins/jsch.jpi : 0.1.55
INSTALLED plugins/jackson2-api.jpi : 2.9.8
INSTALLED plugins/blueocean-autofavorite.jpi : 1.2.3
INSTALLED plugins/plain-credentials.jpi : 1.5
INSTALLED plugins/blueocean-core-js.jpi : 1.10.1
INSTALLED plugins/authentication-tokens.jpi : 1.3
INSTALLED plugins/credentials.jpi : 2.1.18
INSTALLED plugins/git-client.jpi : 2.7.6
INSTALLED plugins/workflow-job.jpi : 2.31
INSTALLED plugins/jira.jpi : 3.0.5
INSTALLED plugins/pipeline-model-api.jpi : 1.3.4.1
INSTALLED plugins/jquery-detached.jpi : 1.2.1
INSTALLED plugins/blueocean-personalization.jpi : 1.10.1
INSTALLED plugins/pipeline-graph-analysis.jpi : 1.9
INSTALLED plugins/blueocean-dashboard.jpi : 1.10.1
INSTALLED plugins/git-server.jpi : 1.7
INSTALLED plugins/branch-api.jpi : 2.1.2
INSTALLED plugins/pipeline-input-step.jpi : 2.9
INSTALLED plugins/workflow-scm-step.jpi : 2.7
INSTALLED plugins/blueocean-pipeline-editor.jpi : 1.10.1
INSTALLED plugins/pipeline-model-declarative-agent.jpi : 1.1.1
--- Copying files at Wed Jan 30 14:49:33 UTC 2019
SKIPPED plugins/git.jpi : Installed version (3.9.2) has been manually upgraded from initial version (3.9.1)
--- Copying files at Wed Jan 30 15:29:49 UTC 2019
SKIPPED plugins/blueocean-git-pipeline.jpi : Installed version (1.10.2) has been manually upgraded from initial version (1.10.1)
SKIPPED plugins/blueocean-pipeline-api-impl.jpi : Installed version (1.10.2) has been manually upgraded from initial version (1.10.1)
SKIPPED plugins/blueocean-events.jpi : Installed version (1.10.2) has been manually upgraded from initial version (1.10.1)
SKIPPED plugins/blueocean-commons.jpi : Installed version (1.10.2) has been manually upgraded from initial version (1.10.1)
SKIPPED plugins/blueocean-pipeline-scm-api.jpi : Installed version (1.10.2) has been manually upgraded from initial version (1.10.1)
SKIPPED plugins/token-macro.jpi : Installed version (2.6) has been manually upgraded from initial version (2.5)
SKIPPED plugins/git.jpi : Installed version (3.9.2) has been manually upgraded from initial version (3.9.1)
SKIPPED plugins/script-security.jpi : Installed version (1.51) has been manually upgraded from initial version (1.50)
SKIPPED plugins/blueocean-github-pipeline.jpi : Installed version (1.10.2) has been manually upgraded from initial version (1.10.1)
SKIPPED plugins/blueocean-rest-impl.jpi : Installed version (1.10.2) has been manually upgraded from initial version (1.10.1)
SKIPPED plugins/blueocean-bitbucket-pipeline.jpi : Installed version (1.10.2) has been manually upgraded from initial version (1.10.1)
SKIPPED plugins/jenkins-design-language.jpi : Installed version (1.10.2) has been manually upgraded from initial version (1.10.1)
SKIPPED plugins/blueocean.jpi : Installed version (1.10.2) has been manually upgraded from initial version (1.10.1)
SKIPPED plugins/blueocean-jira.jpi : Installed version (1.10.2) has been manually upgraded from initial version (1.10.1)
SKIPPED plugins/blueocean-rest.jpi : Installed version (1.10.2) has been manually upgraded from initial version (1.10.1)
SKIPPED plugins/blueocean-jwt.jpi : Installed version (1.10.2) has been manually upgraded from initial version (1.10.1)
SKIPPED plugins/blueocean-web.jpi : Installed version (1.10.2) has been manually upgraded from initial version (1.10.1)
SKIPPED plugins/blueocean-i18n.jpi : Installed version (1.10.2) has been manually upgraded from initial version (1.10.1)
SKIPPED plugins/blueocean-config.jpi : Installed version (1.10.2) has been manually upgraded from initial version (1.10.1)
SKIPPED plugins/blueocean-core-js.jpi : Installed version (1.10.2) has been manually upgraded from initial version (1.10.1)
SKIPPED plugins/blueocean-personalization.jpi : Installed version (1.10.2) has been manually upgraded from initial version (1.10.1)
SKIPPED plugins/blueocean-dashboard.jpi : Installed version (1.10.2) has been manually upgraded from initial version (1.10.1)
SKIPPED plugins/blueocean-pipeline-editor.jpi : Installed version (1.10.2) has been manually upgraded from initial version (1.10.1)
--- Copying files at Wed Jan 30 16:01:03 UTC 2019
SKIPPED plugins/blueocean-git-pipeline.jpi : Installed version (1.10.2) has been manually upgraded from initial version (1.10.1)
SKIPPED plugins/blueocean-pipeline-api-impl.jpi : Installed version (1.10.2) has been manually upgraded from initial version (1.10.1)
SKIPPED plugins/blueocean-events.jpi : Installed version (1.10.2) has been manually upgraded from initial version (1.10.1)
SKIPPED plugins/blueocean-commons.jpi : Installed version (1.10.2) has been manually upgraded from initial version (1.10.1)
SKIPPED plugins/blueocean-pipeline-scm-api.jpi : Installed version (1.10.2) has been manually upgraded from initial version (1.10.1)
SKIPPED plugins/token-macro.jpi : Installed version (2.6) has been manually upgraded from initial version (2.5)
SKIPPED plugins/git.jpi : Installed version (3.9.2) has been manually upgraded from initial version (3.9.1)
SKIPPED plugins/script-security.jpi : Installed version (1.51) has been manually upgraded from initial version (1.50)
SKIPPED plugins/blueocean-github-pipeline.jpi : Installed version (1.10.2) has been manually upgraded from initial version (1.10.1)
SKIPPED plugins/blueocean-rest-impl.jpi : Installed version (1.10.2) has been manually upgraded from initial version (1.10.1)
SKIPPED plugins/blueocean-bitbucket-pipeline.jpi : Installed version (1.10.2) has been manually upgraded from initial version (1.10.1)
SKIPPED plugins/jenkins-design-language.jpi : Installed version (1.10.2) has been manually upgraded from initial version (1.10.1)
SKIPPED plugins/blueocean.jpi : Installed version (1.10.2) has been manually upgraded from initial version (1.10.1)
SKIPPED plugins/blueocean-jira.jpi : Installed version (1.10.2) has been manually upgraded from initial version (1.10.1)
SKIPPED plugins/blueocean-rest.jpi : Installed version (1.10.2) has been manually upgraded from initial version (1.10.1)
SKIPPED plugins/blueocean-jwt.jpi : Installed version (1.10.2) has been manually upgraded from initial version (1.10.1)
SKIPPED plugins/blueocean-web.jpi : Installed version (1.10.2) has been manually upgraded from initial version (1.10.1)
SKIPPED plugins/blueocean-i18n.jpi : Installed version (1.10.2) has been manually upgraded from initial version (1.10.1)
SKIPPED plugins/blueocean-config.jpi : Installed version (1.10.2) has been manually upgraded from initial version (1.10.1)
SKIPPED plugins/blueocean-core-js.jpi : Installed version (1.10.2) has been manually upgraded from initial version (1.10.1)
SKIPPED plugins/blueocean-personalization.jpi : Installed version (1.10.2) has been manually upgraded from initial version (1.10.1)
SKIPPED plugins/blueocean-dashboard.jpi : Installed version (1.10.2) has been manually upgraded from initial version (1.10.1)
SKIPPED plugins/blueocean-pipeline-editor.jpi : Installed version (1.10.2) has been manually upgraded from initial version (1.10.1)
--- Copying files at Wed Jan 30 16:04:56 UTC 2019
SKIPPED plugins/blueocean-git-pipeline.jpi : Installed version (1.10.2) has been manually upgraded from initial version (1.10.1)
SKIPPED plugins/blueocean-pipeline-api-impl.jpi : Installed version (1.10.2) has been manually upgraded from initial version (1.10.1)
SKIPPED plugins/blueocean-events.jpi : Installed version (1.10.2) has been manually upgraded from initial version (1.10.1)
SKIPPED plugins/blueocean-commons.jpi : Installed version (1.10.2) has been manually upgraded from initial version (1.10.1)
SKIPPED plugins/blueocean-pipeline-scm-api.jpi : Installed version (1.10.2) has been manually upgraded from initial version (1.10.1)
SKIPPED plugins/token-macro.jpi : Installed version (2.6) has been manually upgraded from initial version (2.5)
SKIPPED plugins/git.jpi : Installed version (3.9.2) has been manually upgraded from initial version (3.9.1)
SKIPPED plugins/script-security.jpi : Installed version (1.51) has been manually upgraded from initial version (1.50)
SKIPPED plugins/blueocean-github-pipeline.jpi : Installed version (1.10.2) has been manually upgraded from initial version (1.10.1)
SKIPPED plugins/blueocean-rest-impl.jpi : Installed version (1.10.2) has been manually upgraded from initial version (1.10.1)
SKIPPED plugins/blueocean-bitbucket-pipeline.jpi : Installed version (1.10.2) has been manually upgraded from initial version (1.10.1)
SKIPPED plugins/jenkins-design-language.jpi : Installed version (1.10.2) has been manually upgraded from initial version (1.10.1)
SKIPPED plugins/blueocean.jpi : Installed version (1.10.2) has been manually upgraded from initial version (1.10.1)
SKIPPED plugins/blueocean-jira.jpi : Installed version (1.10.2) has been manually upgraded from initial version (1.10.1)
SKIPPED plugins/blueocean-rest.jpi : Installed version (1.10.2) has been manually upgraded from initial version (1.10.1)
SKIPPED plugins/blueocean-jwt.jpi : Installed version (1.10.2) has been manually upgraded from initial version (1.10.1)
SKIPPED plugins/blueocean-web.jpi : Installed version (1.10.2) has been manually upgraded from initial version (1.10.1)
SKIPPED plugins/blueocean-i18n.jpi : Installed version (1.10.2) has been manually upgraded from initial version (1.10.1)
SKIPPED plugins/blueocean-config.jpi : Installed version (1.10.2) has been manually upgraded from initial version (1.10.1)
SKIPPED plugins/blueocean-core-js.jpi : Installed version (1.10.2) has been manually upgraded from initial version (1.10.1)
SKIPPED plugins/blueocean-personalization.jpi : Installed version (1.10.2) has been manually upgraded from initial version (1.10.1)
SKIPPED plugins/blueocean-dashboard.jpi : Installed version (1.10.2) has been manually upgraded from initial version (1.10.1)
SKIPPED plugins/blueocean-pipeline-editor.jpi : Installed version (1.10.2) has been manually upgraded from initial version (1.10.1)
--- Copying files at Thu Jan 31 01:41:46 UTC 2019
SKIPPED plugins/blueocean-web.jpi : Installed version (1.10.2) has been manually upgraded from initial version (1.10.1)
SKIPPED plugins/git.jpi : Installed version (3.9.2) has been manually upgraded from initial version (3.9.1)
SKIPPED plugins/blueocean-events.jpi : Installed version (1.10.2) has been manually upgraded from initial version (1.10.1)
SKIPPED plugins/blueocean-pipeline-editor.jpi : Installed version (1.10.2) has been manually upgraded from initial version (1.10.1)
SKIPPED plugins/script-security.jpi : Installed version (1.51) has been manually upgraded from initial version (1.50)
SKIPPED plugins/blueocean-i18n.jpi : Installed version (1.10.2) has been manually upgraded from initial version (1.10.1)
SKIPPED plugins/blueocean-rest.jpi : Installed version (1.10.2) has been manually upgraded from initial version (1.10.1)
SKIPPED plugins/blueocean-personalization.jpi : Installed version (1.10.2) has been manually upgraded from initial version (1.10.1)
SKIPPED plugins/blueocean-git-pipeline.jpi : Installed version (1.10.2) has been manually upgraded from initial version (1.10.1)
SKIPPED plugins/blueocean-rest-impl.jpi : Installed version (1.10.2) has been manually upgraded from initial version (1.10.1)
SKIPPED plugins/blueocean-config.jpi : Installed version (1.10.2) has been manually upgraded from initial version (1.10.1)
SKIPPED plugins/blueocean-pipeline-scm-api.jpi : Installed version (1.10.2) has been manually upgraded from initial version (1.10.1)
SKIPPED plugins/blueocean-dashboard.jpi : Installed version (1.10.2) has been manually upgraded from initial version (1.10.1)
SKIPPED plugins/mercurial.jpi : Image version (2.4) is older than installed version (2.5)
SKIPPED plugins/blueocean-github-pipeline.jpi : Installed version (1.10.2) has been manually upgraded from initial version (1.10.1)
SKIPPED plugins/jenkins-design-language.jpi : Installed version (1.10.2) has been manually upgraded from initial version (1.10.1)
SKIPPED plugins/blueocean.jpi : Installed version (1.10.2) has been manually upgraded from initial version (1.10.1)
SKIPPED plugins/blueocean-core-js.jpi : Installed version (1.10.2) has been manually upgraded from initial version (1.10.1)
SKIPPED plugins/blueocean-pipeline-api-impl.jpi : Installed version (1.10.2) has been manually upgraded from initial version (1.10.1)
SKIPPED plugins/blueocean-commons.jpi : Installed version (1.10.2) has been manually upgraded from initial version (1.10.1)
SKIPPED plugins/blueocean-jira.jpi : Installed version (1.10.2) has been manually upgraded from initial version (1.10.1)
SKIPPED plugins/blueocean-bitbucket-pipeline.jpi : Installed version (1.10.2) has been manually upgraded from initial version (1.10.1)
SKIPPED plugins/blueocean-jwt.jpi : Installed version (1.10.2) has been manually upgraded from initial version (1.10.1)
SKIPPED plugins/token-macro.jpi : Installed version (2.6) has been manually upgraded from initial version (2.5)
--- Copying files at Thu Jan 31 03:31:52 UTC 2019
SKIPPED plugins/blueocean-web.jpi : Installed version (1.10.2) has been manually upgraded from initial version (1.10.1)
SKIPPED plugins/git.jpi : Installed version (3.9.2) has been manually upgraded from initial version (3.9.1)
SKIPPED plugins/blueocean-events.jpi : Installed version (1.10.2) has been manually upgraded from initial version (1.10.1)
SKIPPED plugins/blueocean-pipeline-editor.jpi : Installed version (1.10.2) has been manually upgraded from initial version (1.10.1)
SKIPPED plugins/script-security.jpi : Installed version (1.51) has been manually upgraded from initial version (1.50)
SKIPPED plugins/blueocean-i18n.jpi : Installed version (1.10.2) has been manually upgraded from initial version (1.10.1)
SKIPPED plugins/blueocean-rest.jpi : Installed version (1.10.2) has been manually upgraded from initial version (1.10.1)
SKIPPED plugins/blueocean-personalization.jpi : Installed version (1.10.2) has been manually upgraded from initial version (1.10.1)
SKIPPED plugins/blueocean-git-pipeline.jpi : Installed version (1.10.2) has been manually upgraded from initial version (1.10.1)
SKIPPED plugins/blueocean-rest-impl.jpi : Installed version (1.10.2) has been manually upgraded from initial version (1.10.1)
SKIPPED plugins/blueocean-config.jpi : Installed version (1.10.2) has been manually upgraded from initial version (1.10.1)
SKIPPED plugins/blueocean-pipeline-scm-api.jpi : Installed version (1.10.2) has been manually upgraded from initial version (1.10.1)
SKIPPED plugins/blueocean-dashboard.jpi : Installed version (1.10.2) has been manually upgraded from initial version (1.10.1)
SKIPPED plugins/mercurial.jpi : Image version (2.4) is older than installed version (2.5)
SKIPPED plugins/blueocean-github-pipeline.jpi : Installed version (1.10.2) has been manually upgraded from initial version (1.10.1)
SKIPPED plugins/jenkins-design-language.jpi : Installed version (1.10.2) has been manually upgraded from initial version (1.10.1)
SKIPPED plugins/blueocean.jpi : Installed version (1.10.2) has been manually upgraded from initial version (1.10.1)
SKIPPED plugins/blueocean-core-js.jpi : Installed version (1.10.2) has been manually upgraded from initial version (1.10.1)
SKIPPED plugins/blueocean-pipeline-api-impl.jpi : Installed version (1.10.2) has been manually upgraded from initial version (1.10.1)
SKIPPED plugins/blueocean-commons.jpi : Installed version (1.10.2) has been manually upgraded from initial version (1.10.1)
SKIPPED plugins/blueocean-jira.jpi : Installed version (1.10.2) has been manually upgraded from initial version (1.10.1)
SKIPPED plugins/blueocean-bitbucket-pipeline.jpi : Installed version (1.10.2) has been manually upgraded from initial version (1.10.1)
SKIPPED plugins/blueocean-jwt.jpi : Installed version (1.10.2) has been manually upgraded from initial version (1.10.1)
SKIPPED plugins/token-macro.jpi : Installed version (2.6) has been manually upgraded from initial version (2.5)
--- Copying files at Thu Jan 31 03:44:22 UTC 2019
SKIPPED plugins/blueocean-web.jpi : Installed version (1.10.2) has been manually upgraded from initial version (1.10.1)
SKIPPED plugins/git.jpi : Installed version (3.9.2) has been manually upgraded from initial version (3.9.1)
SKIPPED plugins/blueocean-events.jpi : Installed version (1.10.2) has been manually upgraded from initial version (1.10.1)
SKIPPED plugins/blueocean-pipeline-editor.jpi : Installed version (1.10.2) has been manually upgraded from initial version (1.10.1)
SKIPPED plugins/script-security.jpi : Installed version (1.51) has been manually upgraded from initial version (1.50)
SKIPPED plugins/blueocean-i18n.jpi : Installed version (1.10.2) has been manually upgraded from initial version (1.10.1)
SKIPPED plugins/blueocean-rest.jpi : Installed version (1.10.2) has been manually upgraded from initial version (1.10.1)
SKIPPED plugins/blueocean-personalization.jpi : Installed version (1.10.2) has been manually upgraded from initial version (1.10.1)
SKIPPED plugins/blueocean-git-pipeline.jpi : Installed version (1.10.2) has been manually upgraded from initial version (1.10.1)
SKIPPED plugins/blueocean-rest-impl.jpi : Installed version (1.10.2) has been manually upgraded from initial version (1.10.1)
SKIPPED plugins/blueocean-config.jpi : Installed version (1.10.2) has been manually upgraded from initial version (1.10.1)
SKIPPED plugins/blueocean-pipeline-scm-api.jpi : Installed version (1.10.2) has been manually upgraded from initial version (1.10.1)
SKIPPED plugins/blueocean-dashboard.jpi : Installed version (1.10.2) has been manually upgraded from initial version (1.10.1)
SKIPPED plugins/mercurial.jpi : Image version (2.4) is older than installed version (2.5)
SKIPPED plugins/blueocean-github-pipeline.jpi : Installed version (1.10.2) has been manually upgraded from initial version (1.10.1)
SKIPPED plugins/jenkins-design-language.jpi : Installed version (1.10.2) has been manually upgraded from initial version (1.10.1)
SKIPPED plugins/blueocean.jpi : Installed version (1.10.2) has been manually upgraded from initial version (1.10.1)
SKIPPED plugins/blueocean-core-js.jpi : Installed version (1.10.2) has been manually upgraded from initial version (1.10.1)
SKIPPED plugins/blueocean-pipeline-api-impl.jpi : Installed version (1.10.2) has been manually upgraded from initial version (1.10.1)
SKIPPED plugins/blueocean-commons.jpi : Installed version (1.10.2) has been manually upgraded from initial version (1.10.1)
SKIPPED plugins/blueocean-jira.jpi : Installed version (1.10.2) has been manually upgraded from initial version (1.10.1)
SKIPPED plugins/blueocean-bitbucket-pipeline.jpi : Installed version (1.10.2) has been manually upgraded from initial version (1.10.1)
SKIPPED plugins/blueocean-jwt.jpi : Installed version (1.10.2) has been manually upgraded from initial version (1.10.1)
SKIPPED plugins/token-macro.jpi : Installed version (2.6) has been manually upgraded from initial version (2.5)
--- Copying files at Thu Jan 31 03:47:05 UTC 2019
SKIPPED plugins/blueocean-web.jpi : Installed version (1.10.2) has been manually upgraded from initial version (1.10.1)
SKIPPED plugins/git.jpi : Installed version (3.9.2) has been manually upgraded from initial version (3.9.1)
SKIPPED plugins/blueocean-events.jpi : Installed version (1.10.2) has been manually upgraded from initial version (1.10.1)
SKIPPED plugins/blueocean-pipeline-editor.jpi : Installed version (1.10.2) has been manually upgraded from initial version (1.10.1)
SKIPPED plugins/script-security.jpi : Installed version (1.51) has been manually upgraded from initial version (1.50)
SKIPPED plugins/blueocean-i18n.jpi : Installed version (1.10.2) has been manually upgraded from initial version (1.10.1)
SKIPPED plugins/blueocean-rest.jpi : Installed version (1.10.2) has been manually upgraded from initial version (1.10.1)
SKIPPED plugins/blueocean-personalization.jpi : Installed version (1.10.2) has been manually upgraded from initial version (1.10.1)
SKIPPED plugins/blueocean-git-pipeline.jpi : Installed version (1.10.2) has been manually upgraded from initial version (1.10.1)
SKIPPED plugins/blueocean-rest-impl.jpi : Installed version (1.10.2) has been manually upgraded from initial version (1.10.1)
SKIPPED plugins/blueocean-config.jpi : Installed version (1.10.2) has been manually upgraded from initial version (1.10.1)
SKIPPED plugins/blueocean-pipeline-scm-api.jpi : Installed version (1.10.2) has been manually upgraded from initial version (1.10.1)
SKIPPED plugins/blueocean-dashboard.jpi : Installed version (1.10.2) has been manually upgraded from initial version (1.10.1)
SKIPPED plugins/mercurial.jpi : Image version (2.4) is older than installed version (2.5)
SKIPPED plugins/blueocean-github-pipeline.jpi : Installed version (1.10.2) has been manually upgraded from initial version (1.10.1)
SKIPPED plugins/jenkins-design-language.jpi : Installed version (1.10.2) has been manually upgraded from initial version (1.10.1)
SKIPPED plugins/blueocean.jpi : Installed version (1.10.2) has been manually upgraded from initial version (1.10.1)
SKIPPED plugins/blueocean-core-js.jpi : Installed version (1.10.2) has been manually upgraded from initial version (1.10.1)
SKIPPED plugins/blueocean-pipeline-api-impl.jpi : Installed version (1.10.2) has been manually upgraded from initial version (1.10.1)
SKIPPED plugins/blueocean-commons.jpi : Installed version (1.10.2) has been manually upgraded from initial version (1.10.1)
SKIPPED plugins/blueocean-jira.jpi : Installed version (1.10.2) has been manually upgraded from initial version (1.10.1)
SKIPPED plugins/blueocean-bitbucket-pipeline.jpi : Installed version (1.10.2) has been manually upgraded from initial version (1.10.1)
SKIPPED plugins/blueocean-jwt.jpi : Installed version (1.10.2) has been manually upgraded from initial version (1.10.1)
SKIPPED plugins/token-macro.jpi : Installed version (2.6) has been manually upgraded from initial version (2.5)
--- Copying files at Thu Jan 31 07:35:28 UTC 2019
SKIPPED plugins/blueocean-web.jpi : Installed version (1.10.2) has been manually upgraded from initial version (1.10.1)
SKIPPED plugins/git.jpi : Installed version (3.9.2) has been manually upgraded from initial version (3.9.1)
SKIPPED plugins/blueocean-events.jpi : Installed version (1.10.2) has been manually upgraded from initial version (1.10.1)
SKIPPED plugins/blueocean-pipeline-editor.jpi : Installed version (1.10.2) has been manually upgraded from initial version (1.10.1)
SKIPPED plugins/script-security.jpi : Installed version (1.51) has been manually upgraded from initial version (1.50)
SKIPPED plugins/blueocean-i18n.jpi : Installed version (1.10.2) has been manually upgraded from initial version (1.10.1)
SKIPPED plugins/blueocean-rest.jpi : Installed version (1.10.2) has been manually upgraded from initial version (1.10.1)
SKIPPED plugins/blueocean-personalization.jpi : Installed version (1.10.2) has been manually upgraded from initial version (1.10.1)
SKIPPED plugins/blueocean-git-pipeline.jpi : Installed version (1.10.2) has been manually upgraded from initial version (1.10.1)
SKIPPED plugins/blueocean-rest-impl.jpi : Installed version (1.10.2) has been manually upgraded from initial version (1.10.1)
SKIPPED plugins/blueocean-config.jpi : Installed version (1.10.2) has been manually upgraded from initial version (1.10.1)
SKIPPED plugins/blueocean-pipeline-scm-api.jpi : Installed version (1.10.2) has been manually upgraded from initial version (1.10.1)
SKIPPED plugins/blueocean-dashboard.jpi : Installed version (1.10.2) has been manually upgraded from initial version (1.10.1)
SKIPPED plugins/mercurial.jpi : Image version (2.4) is older than installed version (2.5)
SKIPPED plugins/blueocean-github-pipeline.jpi : Installed version (1.10.2) has been manually upgraded from initial version (1.10.1)
SKIPPED plugins/jenkins-design-language.jpi : Installed version (1.10.2) has been manually upgraded from initial version (1.10.1)
SKIPPED plugins/blueocean.jpi : Installed version (1.10.2) has been manually upgraded from initial version (1.10.1)
SKIPPED plugins/blueocean-core-js.jpi : Installed version (1.10.2) has been manually upgraded from initial version (1.10.1)
SKIPPED plugins/blueocean-pipeline-api-impl.jpi : Installed version (1.10.2) has been manually upgraded from initial version (1.10.1)
SKIPPED plugins/blueocean-commons.jpi : Installed version (1.10.2) has been manually upgraded from initial version (1.10.1)
SKIPPED plugins/blueocean-jira.jpi : Installed version (1.10.2) has been manually upgraded from initial version (1.10.1)
SKIPPED plugins/blueocean-bitbucket-pipeline.jpi : Installed version (1.10.2) has been manually upgraded from initial version (1.10.1)
SKIPPED plugins/blueocean-jwt.jpi : Installed version (1.10.2) has been manually upgraded from initial version (1.10.1)
SKIPPED plugins/token-macro.jpi : Installed version (2.6) has been manually upgraded from initial version (2.5)
